<?xml version="1.0" encoding="UTF-8"?>
<testsuite xmlns:xsi="http://www.w3.org/2001/XMLSchema-instance" xsi:noNamespaceSchemaLocation="https://maven.apache.org/surefire/maven-surefire-plugin/xsd/surefire-test-report-3.0.xsd" version="3.0" name="com.yang.trial.TrialApplicationTests" time="4.974" tests="1" errors="0" skipped="0" failures="0">
  <properties>
    <property name="java.specification.version" value="17"/>
    <property name="sun.cpu.isalist" value="amd64"/>
    <property name="sun.jnu.encoding" value="Cp1252"/>
    <property name="java.class.path" value="C:\Trial\target\test-classes;C:\Trial\target\classes;C:\apache-maven-3.9.4\repository\org\springframework\boot\spring-boot-starter-web\3.1.3\spring-boot-starter-web-3.1.3.jar;C:\apache-maven-3.9.4\repository\org\springframework\boot\spring-boot-starter\3.1.3\spring-boot-starter-3.1.3.jar;C:\apache-maven-3.9.4\repository\org\springframework\boot\spring-boot\3.1.3\spring-boot-3.1.3.jar;C:\apache-maven-3.9.4\repository\org\springframework\boot\spring-boot-autoconfigure\3.1.3\spring-boot-autoconfigure-3.1.3.jar;C:\apache-maven-3.9.4\repository\org\springframework\boot\spring-boot-starter-logging\3.1.3\spring-boot-starter-logging-3.1.3.jar;C:\apache-maven-3.9.4\repository\ch\qos\logback\logback-classic\1.4.11\logback-classic-1.4.11.jar;C:\apache-maven-3.9.4\repository\ch\qos\logback\logback-core\1.4.11\logback-core-1.4.11.jar;C:\apache-maven-3.9.4\repository\org\apache\logging\log4j\log4j-to-slf4j\2.20.0\log4j-to-slf4j-2.20.0.jar;C:\apache-maven-3.9.4\repository\org\apache\logging\log4j\log4j-api\2.20.0\log4j-api-2.20.0.jar;C:\apache-maven-3.9.4\repository\org\slf4j\jul-to-slf4j\2.0.7\jul-to-slf4j-2.0.7.jar;C:\apache-maven-3.9.4\repository\jakarta\annotation\jakarta.annotation-api\2.1.1\jakarta.annotation-api-2.1.1.jar;C:\apache-maven-3.9.4\repository\org\yaml\snakeyaml\1.33\snakeyaml-1.33.jar;C:\apache-maven-3.9.4\repository\org\springframework\boot\spring-boot-starter-json\3.1.3\spring-boot-starter-json-3.1.3.jar;C:\apache-maven-3.9.4\repository\com\fasterxml\jackson\core\jackson-databind\2.15.2\jackson-databind-2.15.2.jar;C:\apache-maven-3.9.4\repository\com\fasterxml\jackson\core\jackson-annotations\2.15.2\jackson-annotations-2.15.2.jar;C:\apache-maven-3.9.4\repository\com\fasterxml\jackson\core\jackson-core\2.15.2\jackson-core-2.15.2.jar;C:\apache-maven-3.9.4\repository\com\fasterxml\jackson\datatype\jackson-datatype-jdk8\2.15.2\jackson-datatype-jdk8-2.15.2.jar;C:\apache-maven-3.9.4\repository\com\fasterxml\jackson\datatype\jackson-datatype-jsr310\2.15.2\jackson-datatype-jsr310-2.15.2.jar;C:\apache-maven-3.9.4\repository\com\fasterxml\jackson\module\jackson-module-parameter-names\2.15.2\jackson-module-parameter-names-2.15.2.jar;C:\apache-maven-3.9.4\repository\org\springframework\boot\spring-boot-starter-tomcat\3.1.3\spring-boot-starter-tomcat-3.1.3.jar;C:\apache-maven-3.9.4\repository\org\apache\tomcat\embed\tomcat-embed-core\10.1.12\tomcat-embed-core-10.1.12.jar;C:\apache-maven-3.9.4\repository\org\apache\tomcat\embed\tomcat-embed-el\10.1.12\tomcat-embed-el-10.1.12.jar;C:\apache-maven-3.9.4\repository\org\apache\tomcat\embed\tomcat-embed-websocket\10.1.12\tomcat-embed-websocket-10.1.12.jar;C:\apache-maven-3.9.4\repository\org\springframework\spring-web\6.0.11\spring-web-6.0.11.jar;C:\apache-maven-3.9.4\repository\org\springframework\spring-beans\6.0.11\spring-beans-6.0.11.jar;C:\apache-maven-3.9.4\repository\io\micrometer\micrometer-observation\1.11.3\micrometer-observation-1.11.3.jar;C:\apache-maven-3.9.4\repository\io\micrometer\micrometer-commons\1.11.3\micrometer-commons-1.11.3.jar;C:\apache-maven-3.9.4\repository\org\springframework\spring-webmvc\6.0.11\spring-webmvc-6.0.11.jar;C:\apache-maven-3.9.4\repository\org\springframework\spring-aop\6.0.11\spring-aop-6.0.11.jar;C:\apache-maven-3.9.4\repository\org\springframework\spring-context\6.0.11\spring-context-6.0.11.jar;C:\apache-maven-3.9.4\repository\org\springframework\spring-expression\6.0.11\spring-expression-6.0.11.jar;C:\apache-maven-3.9.4\repository\org\springframework\boot\spring-boot-starter-test\3.1.3\spring-boot-starter-test-3.1.3.jar;C:\apache-maven-3.9.4\repository\org\springframework\boot\spring-boot-test\3.1.3\spring-boot-test-3.1.3.jar;C:\apache-maven-3.9.4\repository\org\springframework\boot\spring-boot-test-autoconfigure\3.1.3\spring-boot-test-autoconfigure-3.1.3.jar;C:\apache-maven-3.9.4\repository\com\jayway\jsonpath\json-path\2.8.0\json-path-2.8.0.jar;C:\apache-maven-3.9.4\repository\org\slf4j\slf4j-api\2.0.7\slf4j-api-2.0.7.jar;C:\apache-maven-3.9.4\repository\jakarta\xml\bind\jakarta.xml.bind-api\4.0.0\jakarta.xml.bind-api-4.0.0.jar;C:\apache-maven-3.9.4\repository\jakarta\activation\jakarta.activation-api\2.1.2\jakarta.activation-api-2.1.2.jar;C:\apache-maven-3.9.4\repository\net\minidev\json-smart\2.4.11\json-smart-2.4.11.jar;C:\apache-maven-3.9.4\repository\net\minidev\accessors-smart\2.4.11\accessors-smart-2.4.11.jar;C:\apache-maven-3.9.4\repository\org\ow2\asm\asm\9.3\asm-9.3.jar;C:\apache-maven-3.9.4\repository\org\assertj\assertj-core\3.24.2\assertj-core-3.24.2.jar;C:\apache-maven-3.9.4\repository\net\bytebuddy\byte-buddy\1.14.6\byte-buddy-1.14.6.jar;C:\apache-maven-3.9.4\repository\org\hamcrest\hamcrest\2.2\hamcrest-2.2.jar;C:\apache-maven-3.9.4\repository\org\junit\jupiter\junit-jupiter\5.9.3\junit-jupiter-5.9.3.jar;C:\apache-maven-3.9.4\repository\org\junit\jupiter\junit-jupiter-api\5.9.3\junit-jupiter-api-5.9.3.jar;C:\apache-maven-3.9.4\repository\org\opentest4j\opentest4j\1.2.0\opentest4j-1.2.0.jar;C:\apache-maven-3.9.4\repository\org\junit\platform\junit-platform-commons\1.9.3\junit-platform-commons-1.9.3.jar;C:\apache-maven-3.9.4\repository\org\apiguardian\apiguardian-api\1.1.2\apiguardian-api-1.1.2.jar;C:\apache-maven-3.9.4\repository\org\junit\jupiter\junit-jupiter-params\5.9.3\junit-jupiter-params-5.9.3.jar;C:\apache-maven-3.9.4\repository\org\junit\jupiter\junit-jupiter-engine\5.9.3\junit-jupiter-engine-5.9.3.jar;C:\apache-maven-3.9.4\repository\org\junit\platform\junit-platform-engine\1.9.3\junit-platform-engine-1.9.3.jar;C:\apache-maven-3.9.4\repository\org\mockito\mockito-core\5.3.1\mockito-core-5.3.1.jar;C:\apache-maven-3.9.4\repository\net\bytebuddy\byte-buddy-agent\1.14.6\byte-buddy-agent-1.14.6.jar;C:\apache-maven-3.9.4\repository\org\objenesis\objenesis\3.3\objenesis-3.3.jar;C:\apache-maven-3.9.4\repository\org\mockito\mockito-junit-jupiter\5.3.1\mockito-junit-jupiter-5.3.1.jar;C:\apache-maven-3.9.4\repository\org\skyscreamer\jsonassert\1.5.1\jsonassert-1.5.1.jar;C:\apache-maven-3.9.4\repository\com\vaadin\external\google\android-json\0.0.20131108.vaadin1\android-json-0.0.20131108.vaadin1.jar;C:\apache-maven-3.9.4\repository\org\springframework\spring-core\6.0.11\spring-core-6.0.11.jar;C:\apache-maven-3.9.4\repository\org\springframework\spring-jcl\6.0.11\spring-jcl-6.0.11.jar;C:\apache-maven-3.9.4\repository\org\springframework\spring-test\6.0.11\spring-test-6.0.11.jar;C:\apache-maven-3.9.4\repository\org\xmlunit\xmlunit-core\2.9.1\xmlunit-core-2.9.1.jar;"/>
    <property name="java.vm.vendor" value="Eclipse Adoptium"/>
    <property name="sun.arch.data.model" value="64"/>
    <property name="user.variant" value=""/>
    <property name="java.vendor.url" value="https://adoptium.net/"/>
    <property name="user.timezone" value="America/New_York"/>
    <property name="os.name" value="Windows 10"/>
    <property name="java.vm.specification.version" value="17"/>
    <property name="sun.java.launcher" value="SUN_STANDARD"/>
    <property name="user.country" value="US"/>
    <property name="sun.boot.library.path" value="C:\Program Files\Eclipse Adoptium\jdk-17.0.8.7-hotspot\bin"/>
    <property name="sun.java.command" value="C:\Users\zhigu\AppData\Local\Temp\surefire8084216435107951351\surefirebooter-20230924104920070_3.jar C:\Users\zhigu\AppData\Local\Temp\surefire8084216435107951351 2023-09-24T10-49-19_773-jvmRun1 surefire-20230924104920070_1tmp surefire_0-20230924104920070_2tmp"/>
    <property name="jdk.debug" value="release"/>
    <property name="surefire.test.class.path" value="C:\Trial\target\test-classes;C:\Trial\target\classes;C:\apache-maven-3.9.4\repository\org\springframework\boot\spring-boot-starter-web\3.1.3\spring-boot-starter-web-3.1.3.jar;C:\apache-maven-3.9.4\repository\org\springframework\boot\spring-boot-starter\3.1.3\spring-boot-starter-3.1.3.jar;C:\apache-maven-3.9.4\repository\org\springframework\boot\spring-boot\3.1.3\spring-boot-3.1.3.jar;C:\apache-maven-3.9.4\repository\org\springframework\boot\spring-boot-autoconfigure\3.1.3\spring-boot-autoconfigure-3.1.3.jar;C:\apache-maven-3.9.4\repository\org\springframework\boot\spring-boot-starter-logging\3.1.3\spring-boot-starter-logging-3.1.3.jar;C:\apache-maven-3.9.4\repository\ch\qos\logback\logback-classic\1.4.11\logback-classic-1.4.11.jar;C:\apache-maven-3.9.4\repository\ch\qos\logback\logback-core\1.4.11\logback-core-1.4.11.jar;C:\apache-maven-3.9.4\repository\org\apache\logging\log4j\log4j-to-slf4j\2.20.0\log4j-to-slf4j-2.20.0.jar;C:\apache-maven-3.9.4\repository\org\apache\logging\log4j\log4j-api\2.20.0\log4j-api-2.20.0.jar;C:\apache-maven-3.9.4\repository\org\slf4j\jul-to-slf4j\2.0.7\jul-to-slf4j-2.0.7.jar;C:\apache-maven-3.9.4\repository\jakarta\annotation\jakarta.annotation-api\2.1.1\jakarta.annotation-api-2.1.1.jar;C:\apache-maven-3.9.4\repository\org\yaml\snakeyaml\1.33\snakeyaml-1.33.jar;C:\apache-maven-3.9.4\repository\org\springframework\boot\spring-boot-starter-json\3.1.3\spring-boot-starter-json-3.1.3.jar;C:\apache-maven-3.9.4\repository\com\fasterxml\jackson\core\jackson-databind\2.15.2\jackson-databind-2.15.2.jar;C:\apache-maven-3.9.4\repository\com\fasterxml\jackson\core\jackson-annotations\2.15.2\jackson-annotations-2.15.2.jar;C:\apache-maven-3.9.4\repository\com\fasterxml\jackson\core\jackson-core\2.15.2\jackson-core-2.15.2.jar;C:\apache-maven-3.9.4\repository\com\fasterxml\jackson\datatype\jackson-datatype-jdk8\2.15.2\jackson-datatype-jdk8-2.15.2.jar;C:\apache-maven-3.9.4\repository\com\fasterxml\jackson\datatype\jackson-datatype-jsr310\2.15.2\jackson-datatype-jsr310-2.15.2.jar;C:\apache-maven-3.9.4\repository\com\fasterxml\jackson\module\jackson-module-parameter-names\2.15.2\jackson-module-parameter-names-2.15.2.jar;C:\apache-maven-3.9.4\repository\org\springframework\boot\spring-boot-starter-tomcat\3.1.3\spring-boot-starter-tomcat-3.1.3.jar;C:\apache-maven-3.9.4\repository\org\apache\tomcat\embed\tomcat-embed-core\10.1.12\tomcat-embed-core-10.1.12.jar;C:\apache-maven-3.9.4\repository\org\apache\tomcat\embed\tomcat-embed-el\10.1.12\tomcat-embed-el-10.1.12.jar;C:\apache-maven-3.9.4\repository\org\apache\tomcat\embed\tomcat-embed-websocket\10.1.12\tomcat-embed-websocket-10.1.12.jar;C:\apache-maven-3.9.4\repository\org\springframework\spring-web\6.0.11\spring-web-6.0.11.jar;C:\apache-maven-3.9.4\repository\org\springframework\spring-beans\6.0.11\spring-beans-6.0.11.jar;C:\apache-maven-3.9.4\repository\io\micrometer\micrometer-observation\1.11.3\micrometer-observation-1.11.3.jar;C:\apache-maven-3.9.4\repository\io\micrometer\micrometer-commons\1.11.3\micrometer-commons-1.11.3.jar;C:\apache-maven-3.9.4\repository\org\springframework\spring-webmvc\6.0.11\spring-webmvc-6.0.11.jar;C:\apache-maven-3.9.4\repository\org\springframework\spring-aop\6.0.11\spring-aop-6.0.11.jar;C:\apache-maven-3.9.4\repository\org\springframework\spring-context\6.0.11\spring-context-6.0.11.jar;C:\apache-maven-3.9.4\repository\org\springframework\spring-expression\6.0.11\spring-expression-6.0.11.jar;C:\apache-maven-3.9.4\repository\org\springframework\boot\spring-boot-starter-test\3.1.3\spring-boot-starter-test-3.1.3.jar;C:\apache-maven-3.9.4\repository\org\springframework\boot\spring-boot-test\3.1.3\spring-boot-test-3.1.3.jar;C:\apache-maven-3.9.4\repository\org\springframework\boot\spring-boot-test-autoconfigure\3.1.3\spring-boot-test-autoconfigure-3.1.3.jar;C:\apache-maven-3.9.4\repository\com\jayway\jsonpath\json-path\2.8.0\json-path-2.8.0.jar;C:\apache-maven-3.9.4\repository\org\slf4j\slf4j-api\2.0.7\slf4j-api-2.0.7.jar;C:\apache-maven-3.9.4\repository\jakarta\xml\bind\jakarta.xml.bind-api\4.0.0\jakarta.xml.bind-api-4.0.0.jar;C:\apache-maven-3.9.4\repository\jakarta\activation\jakarta.activation-api\2.1.2\jakarta.activation-api-2.1.2.jar;C:\apache-maven-3.9.4\repository\net\minidev\json-smart\2.4.11\json-smart-2.4.11.jar;C:\apache-maven-3.9.4\repository\net\minidev\accessors-smart\2.4.11\accessors-smart-2.4.11.jar;C:\apache-maven-3.9.4\repository\org\ow2\asm\asm\9.3\asm-9.3.jar;C:\apache-maven-3.9.4\repository\org\assertj\assertj-core\3.24.2\assertj-core-3.24.2.jar;C:\apache-maven-3.9.4\repository\net\bytebuddy\byte-buddy\1.14.6\byte-buddy-1.14.6.jar;C:\apache-maven-3.9.4\repository\org\hamcrest\hamcrest\2.2\hamcrest-2.2.jar;C:\apache-maven-3.9.4\repository\org\junit\jupiter\junit-jupiter\5.9.3\junit-jupiter-5.9.3.jar;C:\apache-maven-3.9.4\repository\org\junit\jupiter\junit-jupiter-api\5.9.3\junit-jupiter-api-5.9.3.jar;C:\apache-maven-3.9.4\repository\org\opentest4j\opentest4j\1.2.0\opentest4j-1.2.0.jar;C:\apache-maven-3.9.4\repository\org\junit\platform\junit-platform-commons\1.9.3\junit-platform-commons-1.9.3.jar;C:\apache-maven-3.9.4\repository\org\apiguardian\apiguardian-api\1.1.2\apiguardian-api-1.1.2.jar;C:\apache-maven-3.9.4\repository\org\junit\jupiter\junit-jupiter-params\5.9.3\junit-jupiter-params-5.9.3.jar;C:\apache-maven-3.9.4\repository\org\junit\jupiter\junit-jupiter-engine\5.9.3\junit-jupiter-engine-5.9.3.jar;C:\apache-maven-3.9.4\repository\org\junit\platform\junit-platform-engine\1.9.3\junit-platform-engine-1.9.3.jar;C:\apache-maven-3.9.4\repository\org\mockito\mockito-core\5.3.1\mockito-core-5.3.1.jar;C:\apache-maven-3.9.4\repository\net\bytebuddy\byte-buddy-agent\1.14.6\byte-buddy-agent-1.14.6.jar;C:\apache-maven-3.9.4\repository\org\objenesis\objenesis\3.3\objenesis-3.3.jar;C:\apache-maven-3.9.4\repository\org\mockito\mockito-junit-jupiter\5.3.1\mockito-junit-jupiter-5.3.1.jar;C:\apache-maven-3.9.4\repository\org\skyscreamer\jsonassert\1.5.1\jsonassert-1.5.1.jar;C:\apache-maven-3.9.4\repository\com\vaadin\external\google\android-json\0.0.20131108.vaadin1\android-json-0.0.20131108.vaadin1.jar;C:\apache-maven-3.9.4\repository\org\springframework\spring-core\6.0.11\spring-core-6.0.11.jar;C:\apache-maven-3.9.4\repository\org\springframework\spring-jcl\6.0.11\spring-jcl-6.0.11.jar;C:\apache-maven-3.9.4\repository\org\springframework\spring-test\6.0.11\spring-test-6.0.11.jar;C:\apache-maven-3.9.4\repository\org\xmlunit\xmlunit-core\2.9.1\xmlunit-core-2.9.1.jar;"/>
    <property name="sun.cpu.endian" value="little"/>
    <property name="user.home" value="C:\Users\zhigu"/>
    <property name="user.language" value="en"/>
    <property name="java.specification.vendor" value="Oracle Corporation"/>
    <property name="java.version.date" value="2023-07-18"/>
    <property name="java.home" value="C:\Program Files\Eclipse Adoptium\jdk-17.0.8.7-hotspot"/>
    <property name="file.separator" value="\"/>
    <property name="basedir" value="C:\Trial"/>
    <property name="java.vm.compressedOopsMode" value="32-bit"/>
    <property name="line.separator" value="&#10;"/>
    <property name="java.vm.specification.vendor" value="Oracle Corporation"/>
    <property name="java.specification.name" value="Java Platform API Specification"/>
    <property name="FILE_LOG_CHARSET" value="windows-1252"/>
    <property name="java.awt.headless" value="true"/>
    <property name="surefire.real.class.path" value="C:\Users\zhigu\AppData\Local\Temp\surefire8084216435107951351\surefirebooter-20230924104920070_3.jar"/>
    <property name="user.script" value=""/>
    <property name="sun.management.compiler" value="HotSpot 64-Bit Tiered Compilers"/>
    <property name="java.runtime.version" value="17.0.8+7"/>
    <property name="user.name" value="zhigu"/>
    <property name="path.separator" value=";"/>
    <property name="os.version" value="10.0"/>
    <property name="java.runtime.name" value="OpenJDK Runtime Environment"/>
    <property name="file.encoding" value="Cp1252"/>
    <property name="java.vm.name" value="OpenJDK 64-Bit Server VM"/>
    <property name="java.vendor.version" value="Temurin-17.0.8+7"/>
    <property name="localRepository" value="C:\apache-maven-3.9.4\repository"/>
    <property name="java.vendor.url.bug" value="https://github.com/adoptium/adoptium-support/issues"/>
    <property name="java.io.tmpdir" value="C:\Users\zhigu\AppData\Local\Temp\"/>
    <property name="idea.version" value="2023.2.1"/>
    <property name="java.version" value="17.0.8"/>
    <property name="user.dir" value="C:\Trial"/>
    <property name="os.arch" value="amd64"/>
    <property name="java.vm.specification.name" value="Java Virtual Machine Specification"/>
    <property name="PID" value="5956"/>
    <property name="sun.os.patch.level" value=""/>
    <property name="CONSOLE_LOG_CHARSET" value="windows-1252"/>
    <property name="native.encoding" value="Cp1252"/>
    <property name="java.library.path" value="C:\Program Files\Eclipse Adoptium\jdk-17.0.8.7-hotspot\bin;C:\WINDOWS\Sun\Java\bin;C:\WINDOWS\system32;C:\WINDOWS;C:\Program Files\Eclipse Adoptium\jdk-17.0.8.7-hotspot\\bin;C:\Program Files (x86)\Intel\iCLS Client\;C:\Program Files\Intel\iCLS Client\;C:\WINDOWS\system32;C:\WINDOWS;C:\WINDOWS\System32\Wbem;C:\WINDOWS\System32\WindowsPowerShell\v1.0\;C:\Program Files (x86)\Intel\Intel(R) Management Engine Components\DAL;C:\Program Files\Intel\Intel(R) Management Engine Components\DAL;C:\Program Files (x86)\Intel\Intel(R) Management Engine Components\IPT;C:\Program Files\Intel\Intel(R) Management Engine Components\IPT;C:\Program Files\Intel\WiFi\bin\;C:\Program Files\Common Files\Intel\WirelessCommon\;C:\WINDOWS\System32\OpenSSH\;C:\Program Files\nodejs\;C:\mongodb\bin;C:\mongosh\;C:\mysql-8.0.34-winx64\bin;C:\apache-maven-3.9.4\bin;;C:\Program Files\Docker\Docker\resources\bin;C:\Users\zhigu\AppData\Local\Microsoft\WindowsApps;C:\Users\zhigu\AppData\Local\Programs\Microsoft VS Code\bin;C:\Users\zhigu\AppData\Roaming\npm;C:\mongosh\;C:\Program Files\heroku\bin;."/>
    <property name="java.vm.info" value="mixed mode, sharing"/>
    <property name="java.vendor" value="Eclipse Adoptium"/>
    <property name="java.vm.version" value="17.0.8+7"/>
    <property name="sun.io.unicode.encoding" value="UnicodeLittle"/>
    <property name="java.class.version" value="61.0"/>
  </properties>
  <testcase name="contextLoads" classname="com.yang.trial.TrialApplicationTests" time="1.599">
    <system-out><![CDATA[10:49:21.845 [main] INFO org.springframework.test.context.support.AnnotationConfigContextLoaderUtils -- Could not detect default configuration classes for test class [com.yang.trial.TrialApplicationTests]: TrialApplicationTests does not declare any static, non-private, non-final, nested classes annotated with @Configuration.
10:49:22.055 [main] INFO org.springframework.boot.test.context.SpringBootTestContextBootstrapper -- Found @SpringBootConfiguration com.yang.trial.TrialApplication for test class com.yang.trial.TrialApplicationTests

  .   ____          _            __ _ _
 /\\ / ___'_ __ _ _(_)_ __  __ _ \ \ \ \
( ( )\___ | '_ | '_| | '_ \/ _` | \ \ \ \
 \\/  ___)| |_)| | | | | || (_| |  ) ) ) )
  '  |____| .__|_| |_|_| |_\__, | / / / /
 =========|_|==============|___/=/_/_/_/
 :: Spring Boot ::                (v3.1.3)

2023-09-24T10:49:22.803-04:00  INFO 5956 --- [           main] com.yang.trial.TrialApplicationTests     : Starting TrialApplicationTests using Java 17.0.8 with PID 5956 (started by zhigu in C:\Trial)
2023-09-24T10:49:22.807-04:00  INFO 5956 --- [           main] com.yang.trial.TrialApplicationTests     : No active profile set, falling back to 1 default profile: "default"
2023-09-24T10:49:24.828-04:00  INFO 5956 --- [           main] com.yang.trial.TrialApplicationTests     : Started TrialApplicationTests in 2.499 seconds (process running for 4.524)
]]></system-out>
  </testcase>
</testsuite>